{"name": "test3_verify_error_notification_with_invalid_username", "status": "failed", "statusDetails": {"message": "AssertionError: Error message not found on the page", "trace": "self = <test_login.TestLogin object at 0x000001D7305500B0>\n\n    def test3_verify_error_notification_with_invalid_username(self):\n        credentials = json_data['invalidCredentialsUsername']\n        assertions = json_data['assertionTexts']\n        self.page_object.verify_correct_page_loaded(assertions['successLoginPageLoad'])\n        self.page_object.input_username(credentials['username'])\n        self.page_object.input_password(credentials['password'])\n        self.page_object.click_submit()\n>       self.page_object.verify_invalid_credentials_notification(assertions['invalidUserName'])\n\nTests\\test_login.py:40: \n_ _ _ _ _ _ _ _ _ _ _ _ _ _ _ _ _ _ _ _ _ _ _ _ _ _ _ _ _ _ _ _ _ _ _ _ _ _ _ _\n\nself = <Pages.loginPage.Login object at 0x000001D730552750>\nerror_text = 'Your username is invalid!'\n\n    def verify_invalid_credentials_notification(self, error_text):\n        error_message = self.driver.find_element(By.CSS_SELECTOR, errorMessageLocator).text\n>       assert error_message.__eq__(error_text), \"Error message not found on the page\"\nE       AssertionError: Error message not found on the page\n\nPages\\loginPage.py:61: AssertionError"}, "start": 1710573276217, "stop": 1710573276387, "uuid": "9f8a8fc4-6467-4ff7-9604-71341181e6b5", "historyId": "13cbf66d9ee9b382299ff07fb6e40447", "testCaseId": "13cbf66d9ee9b382299ff07fb6e40447", "fullName": "Tests.test_login.TestLogin#test3_verify_error_notification_with_invalid_username", "labels": [{"name": "tag", "value": "@pytest.mark.usefixtures('setup_and_teardown', 'log_on_failure')"}, {"name": "parentSuite", "value": "Tests"}, {"name": "suite", "value": "test_login"}, {"name": "subSuite", "value": "TestLogin"}, {"name": "host", "value": "DESKTOP-UEVTOM8"}, {"name": "thread", "value": "4100-MainThread"}, {"name": "framework", "value": "pytest"}, {"name": "language", "value": "cpython3"}, {"name": "package", "value": "Tests.test_login"}]}