{"name": "test4_verify_error_notification_with_invalid_password", "status": "failed", "statusDetails": {"message": "AssertionError: Error message not found on the page", "trace": "self = <test_login.TestLogin object at 0x000001D730550170>\n\n    def test4_verify_error_notification_with_invalid_password(self):\n        credentials = json_data['invalidCredentialsPassword']\n        assertions = json_data['assertionTexts']\n        self.page_object.verify_correct_page_loaded(assertions['successLoginPageLoad'])\n        self.page_object.input_username(credentials['username'])\n        self.page_object.input_password(credentials['password'])\n        self.page_object.click_submit()\n>       self.page_object.verify_invalid_credentials_notification(assertions['InvalidPassword'])\n\nTests\\test_login.py:49: \n_ _ _ _ _ _ _ _ _ _ _ _ _ _ _ _ _ _ _ _ _ _ _ _ _ _ _ _ _ _ _ _ _ _ _ _ _ _ _ _\n\nself = <Pages.loginPage.Login object at 0x000001D730569940>\nerror_text = 'Your password is invalid!'\n\n    def verify_invalid_credentials_notification(self, error_text):\n        error_message = self.driver.find_element(By.CSS_SELECTOR, errorMessageLocator).text\n>       assert error_message.__eq__(error_text), \"Error message not found on the page\"\nE       AssertionError: Error message not found on the page\n\nPages\\loginPage.py:61: AssertionError"}, "start": 1710573284355, "stop": 1710573284538, "uuid": "aacd69cf-05ac-4f61-96df-334a7268ce5c", "historyId": "d8ed13f247a4d1fe92534b29a4c7af51", "testCaseId": "d8ed13f247a4d1fe92534b29a4c7af51", "fullName": "Tests.test_login.TestLogin#test4_verify_error_notification_with_invalid_password", "labels": [{"name": "tag", "value": "@pytest.mark.usefixtures('setup_and_teardown', 'log_on_failure')"}, {"name": "parentSuite", "value": "Tests"}, {"name": "suite", "value": "test_login"}, {"name": "subSuite", "value": "TestLogin"}, {"name": "host", "value": "DESKTOP-UEVTOM8"}, {"name": "thread", "value": "4100-MainThread"}, {"name": "framework", "value": "pytest"}, {"name": "language", "value": "cpython3"}, {"name": "package", "value": "Tests.test_login"}]}