{"uid":"ce973507ffbdefd","name":"test6_verify_error_notification_without_credentials","fullName":"Tests.test_login.TestLogin#test6_verify_error_notification_without_credentials","historyId":"4a4759846ac445ccc3ca9b12d5490ec9","time":{"start":1710573303334,"stop":1710573303396,"duration":62},"status":"failed","statusMessage":"AssertionError: Error message not found on the page","statusTrace":"self = <test_login.TestLogin object at 0x000001D7305504D0>\n\n    def test6_verify_error_notification_without_credentials(self):\n        assertions = json_data['assertionTexts']\n        self.page_object.verify_correct_page_loaded(assertions['successLoginPageLoad'])\n        self.page_object.click_submit()\n>       self.page_object.verify_invalid_credentials_notification(assertions['invalidUserName'])\n\nTests\\test_login.py:61: \n_ _ _ _ _ _ _ _ _ _ _ _ _ _ _ _ _ _ _ _ _ _ _ _ _ _ _ _ _ _ _ _ _ _ _ _ _ _ _ _\n\nself = <Pages.loginPage.Login object at 0x000001D730550E90>\nerror_text = 'Your username is invalid!'\n\n    def verify_invalid_credentials_notification(self, error_text):\n        error_message = self.driver.find_element(By.CSS_SELECTOR, errorMessageLocator).text\n>       assert error_message.__eq__(error_text), \"Error message not found on the page\"\nE       AssertionError: Error message not found on the page\n\nPages\\loginPage.py:61: AssertionError","flaky":false,"newFailed":false,"newBroken":false,"newPassed":false,"retriesCount":2,"retriesStatusChange":true,"beforeStages":[{"name":"endpoint","time":{"start":1710573294614,"stop":1710573294614,"duration":0},"status":"passed","steps":[],"attachments":[],"parameters":[],"stepsCount":0,"attachmentStep":false,"hasContent":false,"shouldDisplayMessage":false,"attachmentsCount":0},{"name":"setup_and_teardown","time":{"start":1710573294614,"stop":1710573303332,"duration":8718},"status":"passed","steps":[],"attachments":[],"parameters":[],"stepsCount":0,"attachmentStep":false,"hasContent":false,"shouldDisplayMessage":false,"attachmentsCount":0},{"name":"log_on_failure","time":{"start":1710573303334,"stop":1710573303334,"duration":0},"status":"passed","steps":[],"attachments":[],"parameters":[],"stepsCount":0,"attachmentStep":false,"hasContent":false,"shouldDisplayMessage":false,"attachmentsCount":0}],"afterStages":[{"name":"log_on_failure::0","time":{"start":1710573303401,"stop":1710573303563,"duration":162},"status":"passed","steps":[],"attachments":[{"uid":"4bdf8cd44f7bd1d9","name":"failed_test","source":"4bdf8cd44f7bd1d9.png","type":"image/png","size":79645}],"parameters":[],"stepsCount":0,"attachmentStep":false,"hasContent":true,"shouldDisplayMessage":false,"attachmentsCount":1},{"name":"setup_and_teardown::0","time":{"start":1710573303564,"stop":1710573305666,"duration":2102},"status":"passed","steps":[],"attachments":[],"parameters":[],"stepsCount":0,"attachmentStep":false,"hasContent":false,"shouldDisplayMessage":false,"attachmentsCount":0}],"labels":[{"name":"tag","value":"@pytest.mark.usefixtures('setup_and_teardown', 'log_on_failure')"},{"name":"parentSuite","value":"Tests"},{"name":"suite","value":"test_login"},{"name":"subSuite","value":"TestLogin"},{"name":"host","value":"DESKTOP-UEVTOM8"},{"name":"thread","value":"4100-MainThread"},{"name":"framework","value":"pytest"},{"name":"language","value":"cpython3"},{"name":"package","value":"Tests.test_login"},{"name":"resultFormat","value":"allure2"}],"parameters":[],"links":[],"hidden":false,"retry":false,"extra":{"severity":"normal","retries":[{"uid":"ea1e5aaa72b90004","status":"passed","time":{"start":1710526219978,"stop":1710526220131,"duration":153}},{"uid":"a8bfeef30a08a849","status":"passed","time":{"start":1710525314490,"stop":1710525314641,"duration":151}}],"categories":[{"name":"Product defects","matchedStatuses":[],"flaky":false}],"history":{"statistic":{"failed":3,"broken":0,"skipped":0,"passed":1,"unknown":0,"total":4},"items":[{"uid":"de1117bb1ddc2a29","reportUrl":"http://localhost:8080/job/Api+Front_End%20Testing%20using%20local%20storage/23/allure/#testresult/de1117bb1ddc2a29","status":"failed","statusDetails":"AssertionError: Error message not found on the page","time":{"start":1710573303334,"stop":1710573303396,"duration":62}},{"uid":"8a63150c2d6f5012","reportUrl":"http://localhost:8080/job/Api+Front_End%20Testing%20using%20local%20storage/22/allure/#testresult/8a63150c2d6f5012","status":"failed","statusDetails":"AssertionError: Error message not found on the page","time":{"start":1710573303334,"stop":1710573303396,"duration":62}},{"uid":"d7d501a1a7523560","reportUrl":"http://localhost:8080/job/Demo/21/allure/#testresult/d7d501a1a7523560","status":"passed","time":{"start":1710526219978,"stop":1710526220131,"duration":153}}]},"tags":["@pytest.mark.usefixtures('setup_and_teardown', 'log_on_failure')"]},"source":"ce973507ffbdefd.json","parameterValues":[]}