{"uid":"ee221fa036d2b4a3","name":"test4_verify_error_notification_with_invalid_password","fullName":"Tests.test_login.TestLogin#test4_verify_error_notification_with_invalid_password","historyId":"d8ed13f247a4d1fe92534b29a4c7af51","time":{"start":1710573284355,"stop":1710573284538,"duration":183},"status":"failed","statusMessage":"AssertionError: Error message not found on the page","statusTrace":"self = <test_login.TestLogin object at 0x000001D730550170>\n\n    def test4_verify_error_notification_with_invalid_password(self):\n        credentials = json_data['invalidCredentialsPassword']\n        assertions = json_data['assertionTexts']\n        self.page_object.verify_correct_page_loaded(assertions['successLoginPageLoad'])\n        self.page_object.input_username(credentials['username'])\n        self.page_object.input_password(credentials['password'])\n        self.page_object.click_submit()\n>       self.page_object.verify_invalid_credentials_notification(assertions['InvalidPassword'])\n\nTests\\test_login.py:49: \n_ _ _ _ _ _ _ _ _ _ _ _ _ _ _ _ _ _ _ _ _ _ _ _ _ _ _ _ _ _ _ _ _ _ _ _ _ _ _ _\n\nself = <Pages.loginPage.Login object at 0x000001D730569940>\nerror_text = 'Your password is invalid!'\n\n    def verify_invalid_credentials_notification(self, error_text):\n        error_message = self.driver.find_element(By.CSS_SELECTOR, errorMessageLocator).text\n>       assert error_message.__eq__(error_text), \"Error message not found on the page\"\nE       AssertionError: Error message not found on the page\n\nPages\\loginPage.py:61: AssertionError","flaky":false,"newFailed":false,"newBroken":false,"newPassed":false,"retriesCount":2,"retriesStatusChange":true,"beforeStages":[{"name":"setup_and_teardown","time":{"start":1710573278732,"stop":1710573284354,"duration":5622},"status":"passed","steps":[],"attachments":[],"parameters":[],"stepsCount":0,"attachmentStep":false,"hasContent":false,"shouldDisplayMessage":false,"attachmentsCount":0},{"name":"endpoint","time":{"start":1710573278732,"stop":1710573278732,"duration":0},"status":"passed","steps":[],"attachments":[],"parameters":[],"stepsCount":0,"attachmentStep":false,"hasContent":false,"shouldDisplayMessage":false,"attachmentsCount":0},{"name":"log_on_failure","time":{"start":1710573284354,"stop":1710573284354,"duration":0},"status":"passed","steps":[],"attachments":[],"parameters":[],"stepsCount":0,"attachmentStep":false,"hasContent":false,"shouldDisplayMessage":false,"attachmentsCount":0}],"afterStages":[{"name":"log_on_failure::0","time":{"start":1710573284542,"stop":1710573284697,"duration":155},"status":"passed","steps":[],"attachments":[{"uid":"a62eb28aff135da0","name":"failed_test","source":"a62eb28aff135da0.png","type":"image/png","size":79645}],"parameters":[],"stepsCount":0,"attachmentStep":false,"hasContent":true,"shouldDisplayMessage":false,"attachmentsCount":1},{"name":"setup_and_teardown::0","time":{"start":1710573284697,"stop":1710573286813,"duration":2116},"status":"passed","steps":[],"attachments":[],"parameters":[],"stepsCount":0,"attachmentStep":false,"hasContent":false,"shouldDisplayMessage":false,"attachmentsCount":0}],"labels":[{"name":"tag","value":"@pytest.mark.usefixtures('setup_and_teardown', 'log_on_failure')"},{"name":"parentSuite","value":"Tests"},{"name":"suite","value":"test_login"},{"name":"subSuite","value":"TestLogin"},{"name":"host","value":"DESKTOP-UEVTOM8"},{"name":"thread","value":"4100-MainThread"},{"name":"framework","value":"pytest"},{"name":"language","value":"cpython3"},{"name":"package","value":"Tests.test_login"},{"name":"resultFormat","value":"allure2"}],"parameters":[],"links":[],"hidden":false,"retry":false,"extra":{"severity":"normal","retries":[{"uid":"283ac598fae47987","status":"failed","statusDetails":"AssertionError: Error message not found on the page","time":{"start":1710526200118,"stop":1710526200544,"duration":426}},{"uid":"1ebb9843b0a75e06","status":"passed","time":{"start":1710525291639,"stop":1710525292045,"duration":406}}],"categories":[{"name":"Product defects","matchedStatuses":[],"flaky":false}],"history":{"statistic":{"failed":4,"broken":0,"skipped":0,"passed":0,"unknown":0,"total":4},"items":[{"uid":"3bd7a24327a85ea3","reportUrl":"http://localhost:8080/job/Api+Front_End%20Testing%20using%20local%20storage/23/allure/#testresult/3bd7a24327a85ea3","status":"failed","statusDetails":"AssertionError: Error message not found on the page","time":{"start":1710573284355,"stop":1710573284538,"duration":183}},{"uid":"d6ec3b6bb5ec7256","reportUrl":"http://localhost:8080/job/Api+Front_End%20Testing%20using%20local%20storage/22/allure/#testresult/d6ec3b6bb5ec7256","status":"failed","statusDetails":"AssertionError: Error message not found on the page","time":{"start":1710573284355,"stop":1710573284538,"duration":183}},{"uid":"ea06c749c38ea8c8","reportUrl":"http://localhost:8080/job/Demo/21/allure/#testresult/ea06c749c38ea8c8","status":"failed","statusDetails":"AssertionError: Error message not found on the page","time":{"start":1710526200118,"stop":1710526200544,"duration":426}}]},"tags":["@pytest.mark.usefixtures('setup_and_teardown', 'log_on_failure')"]},"source":"ee221fa036d2b4a3.json","parameterValues":[]}